app/build/intermediates/manifest_merge_blame_file/debug/manifest-merger-blame-debug-report.txt
1<?xml version="1.0" encoding="utf-8"?>
2<manifest xmlns:android="http://schemas.android.com/apk/res/android"
3    package="com.learntodroid.androidminesweeper"
4    android:versionCode="1"
5    android:versionName="1.0" >
6
7    <uses-sdk
8        android:minSdkVersion="16"
8-->src\main\AndroidManifest.xml
9        android:targetSdkVersion="33" />
9-->src\main\AndroidManifest.xml
10
11    <permission
11-->[androidx.core:core:1.9.0] AndroidManifest.xml:22:5-24:47
12        android:name="com.learntodroid.androidminesweeper.DYNAMIC_RECEIVER_NOT_EXPORTED_PERMISSION"
12-->[androidx.core:core:1.9.0] AndroidManifest.xml:23:9-81
13        android:protectionLevel="signature" />
13-->[androidx.core:core:1.9.0] AndroidManifest.xml:24:9-44
14
15    <uses-permission android:name="com.learntodroid.androidminesweeper.DYNAMIC_RECEIVER_NOT_EXPORTED_PERMISSION" />
15-->[androidx.core:core:1.9.0] AndroidManifest.xml:26:5-97
15-->[androidx.core:core:1.9.0] AndroidManifest.xml:26:22-94
16
17    <application
17-->src\main\AndroidManifest.xml:5:5-36:19
18        android:allowBackup="true"
18-->src\main\AndroidManifest.xml:6:9-35
19        android:appComponentFactory="androidx.core.app.CoreComponentFactory"
19-->[androidx.core:core:1.9.0] AndroidManifest.xml:28:18-86
20        android:debuggable="true"
21        android:icon="@mipmap/ic_launcher"
21-->src\main\AndroidManifest.xml:7:9-43
22        android:label="@string/app_name"
22-->src\main\AndroidManifest.xml:8:9-41
23        android:roundIcon="@mipmap/ic_launcher_round"
23-->src\main\AndroidManifest.xml:9:9-54
24        android:supportsRtl="true"
24-->src\main\AndroidManifest.xml:10:9-35
25        android:testOnly="true"
26        android:theme="@style/AppTheme" >
26-->src\main\AndroidManifest.xml:11:9-40
27        <activity
27-->src\main\AndroidManifest.xml:12:9-18:20
28            android:name="com.learntodroid.androidminesweeper.view.ResultsActivity"
28-->src\main\AndroidManifest.xml:13:13-49
29            android:exported="false" >
29-->src\main\AndroidManifest.xml:14:13-37
30            <meta-data
30-->src\main\AndroidManifest.xml:15:13-17:36
31                android:name="android.app.lib_name"
31-->src\main\AndroidManifest.xml:16:17-52
32                android:value="" />
32-->src\main\AndroidManifest.xml:17:17-33
33        </activity>
34        <activity
34-->src\main\AndroidManifest.xml:19:9-26:20
35            android:name="com.learntodroid.androidminesweeper.view.GameActivity"
35-->src\main\AndroidManifest.xml:20:13-46
36            android:exported="false"
36-->src\main\AndroidManifest.xml:21:13-37
37            android:screenOrientation="portrait" >
37-->src\main\AndroidManifest.xml:22:13-49
38            <meta-data
38-->src\main\AndroidManifest.xml:15:13-17:36
39                android:name="android.app.lib_name"
39-->src\main\AndroidManifest.xml:16:17-52
40                android:value="" />
40-->src\main\AndroidManifest.xml:17:17-33
41        </activity>
42        <activity
42-->src\main\AndroidManifest.xml:27:9-35:20
43            android:name="com.learntodroid.androidminesweeper.view.MainActivity"
43-->src\main\AndroidManifest.xml:28:13-46
44            android:exported="true" >
44-->src\main\AndroidManifest.xml:29:13-36
45            <intent-filter>
45-->src\main\AndroidManifest.xml:30:13-34:29
46                <action android:name="android.intent.action.MAIN" />
46-->src\main\AndroidManifest.xml:31:17-69
46-->src\main\AndroidManifest.xml:31:25-66
47
48                <category android:name="android.intent.category.LAUNCHER" />
48-->src\main\AndroidManifest.xml:33:17-77
48-->src\main\AndroidManifest.xml:33:27-74
49            </intent-filter>
50        </activity>
51    </application>
52
53</manifest>